<?xml version="1.0" encoding="UTF-8"?>
<testsuite name="com.thoughtworks.collection.StreamReduceTest" tests="1" skipped="0" failures="0" errors="0" timestamp="2021-10-20T03:50:00" hostname="Tommys-MacBook-Pro.local" time="0.024">
  <properties/>
  <testcase name="should_return_longest_word()" classname="com.thoughtworks.collection.StreamReduceTest" time="0.024"/>
  <system-out><![CDATA[]]></system-out>
  <system-err><![CDATA[]]></system-err>
</testsuite>
